2014-05-30 16:31:45 Server:Workerman is starting ...
2014-05-30 16:31:46 Server:[1A
[KWorkerman start success ...[0m
2014-05-30 16:32:47 Worker[Monitor]:can not get master status
2014-05-30 16:33:47 Worker[Monitor]:can not get master status
2014-05-30 16:34:47 Worker[Monitor]:can not get master status
2014-05-30 16:35:47 Worker[Monitor]:can not get master status
2014-05-30 16:36:26 Server:Workerman is shutting down
2014-05-30 16:36:26 Server:Workerman stoped
2014-05-30 16:37:10 Server:Workerman is starting ...
2014-05-30 16:37:10 Server:[1A
[KWorkerman start success ...[0m
2014-05-30 16:37:43 Server:Workerman is shutting down
2014-05-30 16:37:44 Server:Workerman stoped
2014-05-30 16:38:34 Server:Workerman is starting ...
2014-05-30 16:38:35 Server:[1A
[KWorkerman start success ...[0m
2014-05-30 16:39:35 Worker[Monitor]:can not get master status
2014-05-30 16:40:35 Worker[Monitor]:can not get master status
2014-05-30 16:41:35 Worker[Monitor]:can not get master status
2014-05-30 16:42:35 Worker[Monitor]:can not get master status
2014-05-30 16:43:35 Worker[Monitor]:can not get master status
2014-05-30 16:44:35 Worker[Monitor]:can not get master status
2014-05-30 16:45:35 Worker[Monitor]:can not get master status
2014-05-30 16:46:35 Worker[Monitor]:can not get master status
2014-05-30 16:47:35 Worker[Monitor]:can not get master status
2014-05-30 16:48:35 Worker[Monitor]:can not get master status
2014-05-30 16:49:35 Worker[Monitor]:can not get master status
2014-05-30 16:50:35 Worker[Monitor]:can not get master status
2014-05-30 16:51:35 Worker[Monitor]:can not get master status
2014-05-30 16:52:35 Worker[Monitor]:can not get master status
2014-05-30 16:53:35 Worker[Monitor]:can not get master status
2014-05-30 16:54:35 Worker[Monitor]:can not get master status
2014-05-30 16:55:35 Worker[Monitor]:can not get master status
2014-05-30 16:56:35 Worker[Monitor]:can not get master status
2014-05-30 16:57:35 Worker[Monitor]:can not get master status
2014-05-30 16:58:35 Worker[Monitor]:can not get master status
2014-05-30 16:59:35 Worker[Monitor]:can not get master status
2014-05-30 17:00:35 Worker[Monitor]:can not get master status
2014-05-30 17:00:45 Server:Workerman is shutting down
2014-05-30 17:00:45 Server:Workerman stoped
2014-05-30 17:03:49 Server:Workerman is starting ...
2014-05-30 17:03:50 Server:[1A
[KWorkerman start success ...[0m
2014-05-30 17:04:50 Worker[Monitor]:can not get master status
2014-05-30 17:05:50 Worker[Monitor]:can not get master status
2014-05-30 17:06:50 Worker[Monitor]:can not get master status
2014-05-30 17:07:50 Worker[Monitor]:can not get master status
2014-05-30 17:08:50 Worker[Monitor]:can not get master status
2014-05-30 17:09:50 Worker[Monitor]:can not get master status
2014-05-30 17:10:50 Worker[Monitor]:can not get master status
2014-05-30 17:11:50 Worker[Monitor]:can not get master status
2014-05-30 17:12:50 Worker[Monitor]:can not get master status
2014-05-30 17:13:50 Worker[Monitor]:can not get master status
2014-05-30 17:14:50 Worker[Monitor]:can not get master status
2014-05-30 17:15:50 Worker[Monitor]:can not get master status
2014-05-30 17:16:50 Worker[Monitor]:can not get master status
2014-05-30 17:17:50 Worker[Monitor]:can not get master status
2014-05-30 17:18:50 Worker[Monitor]:can not get master status
2014-05-30 17:19:50 Worker[Monitor]:can not get master status
2014-05-30 17:20:50 Worker[Monitor]:can not get master status
2014-05-30 17:21:50 Worker[Monitor]:can not get master status
2014-05-30 17:22:50 Worker[Monitor]:can not get master status
2014-05-30 17:23:50 Worker[Monitor]:can not get master status
2014-05-30 17:24:50 Worker[Monitor]:can not get master status
2014-05-30 17:25:50 Worker[Monitor]:can not get master status
2014-05-30 17:26:50 Worker[Monitor]:can not get master status
2014-05-30 17:27:50 Worker[Monitor]:can not get master status
2014-05-30 17:28:50 Worker[Monitor]:can not get master status
2014-05-30 17:29:50 Worker[Monitor]:can not get master status
2014-05-30 17:30:50 Worker[Monitor]:can not get master status
2014-05-30 17:31:50 Worker[Monitor]:can not get master status
2014-05-30 17:32:50 Worker[Monitor]:can not get master status
2014-05-30 17:33:50 Worker[Monitor]:can not get master status
2014-05-30 17:34:50 Worker[Monitor]:can not get master status
